{"C:\\Users\\HP G9\\Documents\\api-versioning\\src\\app.js": {"path":"C:\\Users\\HP G9\\Documents\\api-versioning\\src\\app.js","statementMap":{"0":{"start":{"line":1,"column":16},"end":{"line":1,"column":34}},"1":{"start":{"line":2,"column":15},"end":{"line":2,"column":32}},"2":{"start":{"line":3,"column":15},"end":{"line":3,"column":32}},"3":{"start":{"line":4,"column":13},"end":{"line":4,"column":28}},"4":{"start":{"line":6,"column":26},"end":{"line":6,"column":57}},"5":{"start":{"line":7,"column":30},"end":{"line":7,"column":65}},"6":{"start":{"line":8,"column":21},"end":{"line":8,"column":57}},"7":{"start":{"line":10,"column":17},"end":{"line":10,"column":39}},"8":{"start":{"line":11,"column":17},"end":{"line":11,"column":39}},"9":{"start":{"line":13,"column":12},"end":{"line":13,"column":21}},"10":{"start":{"line":16,"column":0},"end":{"line":16,"column":18}},"11":{"start":{"line":17,"column":0},"end":{"line":17,"column":16}},"12":{"start":{"line":18,"column":0},"end":{"line":18,"column":24}},"13":{"start":{"line":19,"column":0},"end":{"line":19,"column":28}},"14":{"start":{"line":22,"column":0},"end":{"line":22,"column":27}},"15":{"start":{"line":25,"column":0},"end":{"line":25,"column":78}},"16":{"start":{"line":26,"column":0},"end":{"line":26,"column":29}},"17":{"start":{"line":29,"column":0},"end":{"line":39,"column":3}},"18":{"start":{"line":30,"column":2},"end":{"line":38,"column":5}},"19":{"start":{"line":42,"column":0},"end":{"line":52,"column":3}},"20":{"start":{"line":43,"column":2},"end":{"line":51,"column":5}},"21":{"start":{"line":55,"column":0},"end":{"line":55,"column":22}},"22":{"start":{"line":57,"column":0},"end":{"line":57,"column":21}}},"fnMap":{"0":{"name":"(anonymous_0)","decl":{"start":{"line":29,"column":19},"end":{"line":29,"column":20}},"loc":{"start":{"line":29,"column":33},"end":{"line":39,"column":1}},"line":29},"1":{"name":"(anonymous_1)","decl":{"start":{"line":42,"column":16},"end":{"line":42,"column":17}},"loc":{"start":{"line":42,"column":30},"end":{"line":52,"column":1}},"line":42}},"branchMap":{},"s":{"0":1,"1":1,"2":1,"3":1,"4":1,"5":1,"6":1,"7":1,"8":1,"9":1,"10":1,"11":1,"12":1,"13":1,"14":1,"15":1,"16":1,"17":1,"18":1,"19":1,"20":1,"21":1,"22":1},"f":{"0":1,"1":1},"b":{},"_coverageSchema":"1a1c01bbd47fc00a2c39e90264f33305004495a9","hash":"1f60fec70568e009057ec3e34dd14a9bf210e7f6"}
,"C:\\Users\\HP G9\\Documents\\api-versioning\\src\\server.js": {"path":"C:\\Users\\HP G9\\Documents\\api-versioning\\src\\server.js","statementMap":{"0":{"start":{"line":1,"column":12},"end":{"line":1,"column":28}},"1":{"start":{"line":3,"column":13},"end":{"line":3,"column":37}},"2":{"start":{"line":5,"column":0},"end":{"line":11,"column":3}},"3":{"start":{"line":6,"column":2},"end":{"line":6,"column":51}},"4":{"start":{"line":7,"column":2},"end":{"line":7,"column":63}},"5":{"start":{"line":8,"column":2},"end":{"line":8,"column":67}},"6":{"start":{"line":9,"column":2},"end":{"line":9,"column":80}},"7":{"start":{"line":10,"column":2},"end":{"line":10,"column":77}}},"fnMap":{"0":{"name":"(anonymous_0)","decl":{"start":{"line":5,"column":17},"end":{"line":5,"column":18}},"loc":{"start":{"line":5,"column":23},"end":{"line":11,"column":1}},"line":5}},"branchMap":{"0":{"loc":{"start":{"line":3,"column":13},"end":{"line":3,"column":37}},"type":"binary-expr","locations":[{"start":{"line":3,"column":13},"end":{"line":3,"column":29}},{"start":{"line":3,"column":33},"end":{"line":3,"column":37}}],"line":3}},"s":{"0":0,"1":0,"2":0,"3":0,"4":0,"5":0,"6":0,"7":0},"f":{"0":0},"b":{"0":[0,0]}}
,"C:\\Users\\HP G9\\Documents\\api-versioning\\src\\middleware\\deprecation.js": {"path":"C:\\Users\\HP G9\\Documents\\api-versioning\\src\\middleware\\deprecation.js","statementMap":{"0":{"start":{"line":5,"column":30},"end":{"line":29,"column":1}},"1":{"start":{"line":6,"column":2},"end":{"line":28,"column":4}},"2":{"start":{"line":7,"column":19},"end":{"line":7,"column":39}},"3":{"start":{"line":10,"column":4},"end":{"line":10,"column":50}},"4":{"start":{"line":13,"column":4},"end":{"line":13,"column":41}},"5":{"start":{"line":16,"column":4},"end":{"line":19,"column":6}},"6":{"start":{"line":22,"column":4},"end":{"line":25,"column":6}},"7":{"start":{"line":27,"column":4},"end":{"line":27,"column":11}},"8":{"start":{"line":31,"column":0},"end":{"line":31,"column":39}}},"fnMap":{"0":{"name":"(anonymous_0)","decl":{"start":{"line":5,"column":30},"end":{"line":5,"column":31}},"loc":{"start":{"line":5,"column":66},"end":{"line":29,"column":1}},"line":5},"1":{"name":"(anonymous_1)","decl":{"start":{"line":6,"column":9},"end":{"line":6,"column":10}},"loc":{"start":{"line":6,"column":29},"end":{"line":28,"column":3}},"line":6}},"branchMap":{},"s":{"0":1,"1":1,"2":7,"3":7,"4":7,"5":7,"6":7,"7":7,"8":1},"f":{"0":1,"1":7},"b":{},"_coverageSchema":"1a1c01bbd47fc00a2c39e90264f33305004495a9","hash":"d1a9a3c57ccb2a0402c5d3dd496be669a4127de1"}
,"C:\\Users\\HP G9\\Documents\\api-versioning\\src\\middleware\\errorHandler.js": {"path":"C:\\Users\\HP G9\\Documents\\api-versioning\\src\\middleware\\errorHandler.js","statementMap":{"0":{"start":{"line":5,"column":21},"end":{"line":24,"column":1}},"1":{"start":{"line":6,"column":17},"end":{"line":6,"column":52}},"2":{"start":{"line":9,"column":24},"end":{"line":16,"column":3}},"3":{"start":{"line":19,"column":2},"end":{"line":21,"column":3}},"4":{"start":{"line":20,"column":4},"end":{"line":20,"column":34}},"5":{"start":{"line":23,"column":2},"end":{"line":23,"column":41}},"6":{"start":{"line":26,"column":0},"end":{"line":26,"column":30}}},"fnMap":{"0":{"name":"(anonymous_0)","decl":{"start":{"line":5,"column":21},"end":{"line":5,"column":22}},"loc":{"start":{"line":5,"column":46},"end":{"line":24,"column":1}},"line":5}},"branchMap":{"0":{"loc":{"start":{"line":6,"column":17},"end":{"line":6,"column":52}},"type":"binary-expr","locations":[{"start":{"line":6,"column":17},"end":{"line":6,"column":27}},{"start":{"line":6,"column":31},"end":{"line":6,"column":45}},{"start":{"line":6,"column":49},"end":{"line":6,"column":52}}],"line":6},"1":{"loc":{"start":{"line":11,"column":12},"end":{"line":11,"column":40}},"type":"binary-expr","locations":[{"start":{"line":11,"column":12},"end":{"line":11,"column":20}},{"start":{"line":11,"column":24},"end":{"line":11,"column":40}}],"line":11},"2":{"loc":{"start":{"line":12,"column":15},"end":{"line":12,"column":60}},"type":"binary-expr","locations":[{"start":{"line":12,"column":15},"end":{"line":12,"column":26}},{"start":{"line":12,"column":30},"end":{"line":12,"column":60}}],"line":12},"3":{"loc":{"start":{"line":14,"column":10},"end":{"line":14,"column":72}},"type":"binary-expr","locations":[{"start":{"line":14,"column":10},"end":{"line":14,"column":48}},{"start":{"line":14,"column":52},"end":{"line":14,"column":72}}],"line":14},"4":{"loc":{"start":{"line":19,"column":2},"end":{"line":21,"column":3}},"type":"if","locations":[{"start":{"line":19,"column":2},"end":{"line":21,"column":3}},{"start":{},"end":{}}],"line":19}},"s":{"0":1,"1":4,"2":4,"3":4,"4":2,"5":4,"6":1},"f":{"0":4},"b":{"0":[4,0,0],"1":[4,0],"2":[4,0],"3":[4,0],"4":[2,2]},"_coverageSchema":"1a1c01bbd47fc00a2c39e90264f33305004495a9","hash":"b7ad3db3c57eec217cd1b948fea9496fd463bace"}
,"C:\\Users\\HP G9\\Documents\\api-versioning\\src\\middleware\\version.js": {"path":"C:\\Users\\HP G9\\Documents\\api-versioning\\src\\middleware\\version.js","statementMap":{"0":{"start":{"line":6,"column":26},"end":{"line":12,"column":1}},"1":{"start":{"line":7,"column":23},"end":{"line":7,"column":55}},"2":{"start":{"line":8,"column":2},"end":{"line":10,"column":3}},"3":{"start":{"line":9,"column":4},"end":{"line":9,"column":37}},"4":{"start":{"line":11,"column":2},"end":{"line":11,"column":9}},"5":{"start":{"line":14,"column":0},"end":{"line":14,"column":35}}},"fnMap":{"0":{"name":"(anonymous_0)","decl":{"start":{"line":6,"column":26},"end":{"line":6,"column":27}},"loc":{"start":{"line":6,"column":46},"end":{"line":12,"column":1}},"line":6}},"branchMap":{"0":{"loc":{"start":{"line":8,"column":2},"end":{"line":10,"column":3}},"type":"if","locations":[{"start":{"line":8,"column":2},"end":{"line":10,"column":3}},{"start":{},"end":{}}],"line":8}},"s":{"0":1,"1":22,"2":22,"3":20,"4":22,"5":1},"f":{"0":22},"b":{"0":[20,2]},"_coverageSchema":"1a1c01bbd47fc00a2c39e90264f33305004495a9","hash":"f0404df148ddf1a32652e8fa23a88d9f6cd25d47"}
,"C:\\Users\\HP G9\\Documents\\api-versioning\\src\\utils\\store.js": {"path":"C:\\Users\\HP G9\\Documents\\api-versioning\\src\\utils\\store.js","statementMap":{"0":{"start":{"line":5,"column":12},"end":{"line":36,"column":1}},"1":{"start":{"line":38,"column":13},"end":{"line":38,"column":14}},"2":{"start":{"line":40,"column":0},"end":{"line":60,"column":2}},"3":{"start":{"line":41,"column":16},"end":{"line":41,"column":26}},"4":{"start":{"line":42,"column":19},"end":{"line":42,"column":57}},"5":{"start":{"line":42,"column":35},"end":{"line":42,"column":56}},"6":{"start":{"line":44,"column":17},"end":{"line":44,"column":116}},"7":{"start":{"line":45,"column":4},"end":{"line":45,"column":21}},"8":{"start":{"line":46,"column":4},"end":{"line":46,"column":16}},"9":{"start":{"line":49,"column":16},"end":{"line":49,"column":59}},"10":{"start":{"line":49,"column":37},"end":{"line":49,"column":58}},"11":{"start":{"line":50,"column":4},"end":{"line":50,"column":32}},"12":{"start":{"line":50,"column":20},"end":{"line":50,"column":32}},"13":{"start":{"line":51,"column":4},"end":{"line":51,"column":81}},"14":{"start":{"line":52,"column":4},"end":{"line":52,"column":22}},"15":{"start":{"line":55,"column":16},"end":{"line":55,"column":59}},"16":{"start":{"line":55,"column":37},"end":{"line":55,"column":58}},"17":{"start":{"line":56,"column":4},"end":{"line":56,"column":33}},"18":{"start":{"line":56,"column":20},"end":{"line":56,"column":33}},"19":{"start":{"line":57,"column":4},"end":{"line":57,"column":25}},"20":{"start":{"line":58,"column":4},"end":{"line":58,"column":16}}},"fnMap":{"0":{"name":"(anonymous_0)","decl":{"start":{"line":41,"column":10},"end":{"line":41,"column":11}},"loc":{"start":{"line":41,"column":16},"end":{"line":41,"column":26}},"line":41},"1":{"name":"(anonymous_1)","decl":{"start":{"line":42,"column":11},"end":{"line":42,"column":12}},"loc":{"start":{"line":42,"column":19},"end":{"line":42,"column":57}},"line":42},"2":{"name":"(anonymous_2)","decl":{"start":{"line":42,"column":30},"end":{"line":42,"column":31}},"loc":{"start":{"line":42,"column":35},"end":{"line":42,"column":56}},"line":42},"3":{"name":"(anonymous_3)","decl":{"start":{"line":43,"column":10},"end":{"line":43,"column":11}},"loc":{"start":{"line":43,"column":20},"end":{"line":47,"column":3}},"line":43},"4":{"name":"(anonymous_4)","decl":{"start":{"line":48,"column":10},"end":{"line":48,"column":11}},"loc":{"start":{"line":48,"column":24},"end":{"line":53,"column":3}},"line":48},"5":{"name":"(anonymous_5)","decl":{"start":{"line":49,"column":32},"end":{"line":49,"column":33}},"loc":{"start":{"line":49,"column":37},"end":{"line":49,"column":58}},"line":49},"6":{"name":"(anonymous_6)","decl":{"start":{"line":54,"column":10},"end":{"line":54,"column":11}},"loc":{"start":{"line":54,"column":18},"end":{"line":59,"column":3}},"line":54},"7":{"name":"(anonymous_7)","decl":{"start":{"line":55,"column":32},"end":{"line":55,"column":33}},"loc":{"start":{"line":55,"column":37},"end":{"line":55,"column":58}},"line":55}},"branchMap":{"0":{"loc":{"start":{"line":50,"column":4},"end":{"line":50,"column":32}},"type":"if","locations":[{"start":{"line":50,"column":4},"end":{"line":50,"column":32}},{"start":{},"end":{}}],"line":50},"1":{"loc":{"start":{"line":56,"column":4},"end":{"line":56,"column":33}},"type":"if","locations":[{"start":{"line":56,"column":4},"end":{"line":56,"column":33}},{"start":{},"end":{}}],"line":56}},"s":{"0":1,"1":1,"2":1,"3":6,"4":6,"5":18,"6":4,"7":4,"8":4,"9":1,"10":2,"11":1,"12":0,"13":1,"14":1,"15":1,"16":6,"17":1,"18":0,"19":1,"20":1},"f":{"0":6,"1":6,"2":18,"3":4,"4":1,"5":2,"6":1,"7":6},"b":{"0":[0,1],"1":[0,1]},"_coverageSchema":"1a1c01bbd47fc00a2c39e90264f33305004495a9","hash":"36c6a806dd48484deb48d855d883848dfb925bcc"}
,"C:\\Users\\HP G9\\Documents\\api-versioning\\src\\v1\\routes.js": {"path":"C:\\Users\\HP G9\\Documents\\api-versioning\\src\\v1\\routes.js","statementMap":{"0":{"start":{"line":1,"column":16},"end":{"line":1,"column":34}},"1":{"start":{"line":2,"column":15},"end":{"line":2,"column":31}},"2":{"start":{"line":3,"column":24},"end":{"line":3,"column":54}},"3":{"start":{"line":6,"column":0},"end":{"line":6,"column":45}},"4":{"start":{"line":7,"column":0},"end":{"line":7,"column":50}},"5":{"start":{"line":8,"column":0},"end":{"line":8,"column":46}},"6":{"start":{"line":9,"column":0},"end":{"line":9,"column":49}},"7":{"start":{"line":10,"column":0},"end":{"line":10,"column":52}},"8":{"start":{"line":12,"column":0},"end":{"line":12,"column":24}}},"fnMap":{},"branchMap":{},"s":{"0":1,"1":1,"2":1,"3":1,"4":1,"5":1,"6":1,"7":1,"8":1},"f":{},"b":{},"_coverageSchema":"1a1c01bbd47fc00a2c39e90264f33305004495a9","hash":"aa24479f8b5c84b50abc86ccd7c3bf8f4b4a9cc2"}
,"C:\\Users\\HP G9\\Documents\\api-versioning\\src\\v1\\controllers\\users.js": {"path":"C:\\Users\\HP G9\\Documents\\api-versioning\\src\\v1\\controllers\\users.js","statementMap":{"0":{"start":{"line":10,"column":14},"end":{"line":10,"column":42}},"1":{"start":{"line":13,"column":19},"end":{"line":19,"column":2}},"2":{"start":{"line":13,"column":30},"end":{"line":19,"column":1}},"3":{"start":{"line":21,"column":15},"end":{"line":24,"column":1}},"4":{"start":{"line":22,"column":16},"end":{"line":22,"column":46}},"5":{"start":{"line":23,"column":2},"end":{"line":23,"column":64}},"6":{"start":{"line":26,"column":16},"end":{"line":35,"column":1}},"7":{"start":{"line":27,"column":15},"end":{"line":27,"column":43}},"8":{"start":{"line":28,"column":2},"end":{"line":33,"column":3}},"9":{"start":{"line":29,"column":16},"end":{"line":29,"column":43}},"10":{"start":{"line":30,"column":4},"end":{"line":30,"column":21}},"11":{"start":{"line":31,"column":4},"end":{"line":31,"column":32}},"12":{"start":{"line":32,"column":4},"end":{"line":32,"column":21}},"13":{"start":{"line":34,"column":2},"end":{"line":34,"column":54}},"14":{"start":{"line":37,"column":15},"end":{"line":53,"column":1}},"15":{"start":{"line":38,"column":37},"end":{"line":38,"column":45}},"16":{"start":{"line":40,"column":2},"end":{"line":45,"column":3}},"17":{"start":{"line":41,"column":16},"end":{"line":41,"column":56}},"18":{"start":{"line":42,"column":4},"end":{"line":42,"column":21}},"19":{"start":{"line":43,"column":4},"end":{"line":43,"column":34}},"20":{"start":{"line":44,"column":4},"end":{"line":44,"column":21}},"21":{"start":{"line":48,"column":31},"end":{"line":48,"column":46}},"22":{"start":{"line":49,"column":19},"end":{"line":49,"column":39}},"23":{"start":{"line":51,"column":15},"end":{"line":51,"column":86}},"24":{"start":{"line":52,"column":2},"end":{"line":52,"column":66}},"25":{"start":{"line":55,"column":15},"end":{"line":73,"column":1}},"26":{"start":{"line":56,"column":37},"end":{"line":56,"column":45}},"27":{"start":{"line":58,"column":21},"end":{"line":58,"column":41}},"28":{"start":{"line":59,"column":2},"end":{"line":63,"column":3}},"29":{"start":{"line":60,"column":33},"end":{"line":60,"column":48}},"30":{"start":{"line":61,"column":4},"end":{"line":61,"column":37}},"31":{"start":{"line":62,"column":4},"end":{"line":62,"column":47}},"32":{"start":{"line":65,"column":15},"end":{"line":65,"column":54}},"33":{"start":{"line":66,"column":2},"end":{"line":71,"column":3}},"34":{"start":{"line":67,"column":16},"end":{"line":67,"column":43}},"35":{"start":{"line":68,"column":4},"end":{"line":68,"column":21}},"36":{"start":{"line":69,"column":4},"end":{"line":69,"column":32}},"37":{"start":{"line":70,"column":4},"end":{"line":70,"column":21}},"38":{"start":{"line":72,"column":2},"end":{"line":72,"column":54}},"39":{"start":{"line":75,"column":15},"end":{"line":84,"column":1}},"40":{"start":{"line":76,"column":18},"end":{"line":76,"column":45}},"41":{"start":{"line":77,"column":2},"end":{"line":82,"column":3}},"42":{"start":{"line":78,"column":16},"end":{"line":78,"column":43}},"43":{"start":{"line":79,"column":4},"end":{"line":79,"column":21}},"44":{"start":{"line":80,"column":4},"end":{"line":80,"column":32}},"45":{"start":{"line":81,"column":4},"end":{"line":81,"column":21}},"46":{"start":{"line":83,"column":2},"end":{"line":83,"column":55}},"47":{"start":{"line":86,"column":0},"end":{"line":86,"column":61}}},"fnMap":{"0":{"name":"(anonymous_0)","decl":{"start":{"line":13,"column":19},"end":{"line":13,"column":20}},"loc":{"start":{"line":13,"column":30},"end":{"line":19,"column":1}},"line":13},"1":{"name":"(anonymous_1)","decl":{"start":{"line":21,"column":15},"end":{"line":21,"column":16}},"loc":{"start":{"line":21,"column":29},"end":{"line":24,"column":1}},"line":21},"2":{"name":"(anonymous_2)","decl":{"start":{"line":26,"column":16},"end":{"line":26,"column":17}},"loc":{"start":{"line":26,"column":36},"end":{"line":35,"column":1}},"line":26},"3":{"name":"(anonymous_3)","decl":{"start":{"line":37,"column":15},"end":{"line":37,"column":16}},"loc":{"start":{"line":37,"column":35},"end":{"line":53,"column":1}},"line":37},"4":{"name":"(anonymous_4)","decl":{"start":{"line":55,"column":15},"end":{"line":55,"column":16}},"loc":{"start":{"line":55,"column":35},"end":{"line":73,"column":1}},"line":55},"5":{"name":"(anonymous_5)","decl":{"start":{"line":75,"column":15},"end":{"line":75,"column":16}},"loc":{"start":{"line":75,"column":35},"end":{"line":84,"column":1}},"line":75}},"branchMap":{"0":{"loc":{"start":{"line":28,"column":2},"end":{"line":33,"column":3}},"type":"if","locations":[{"start":{"line":28,"column":2},"end":{"line":33,"column":3}},{"start":{},"end":{}}],"line":28},"1":{"loc":{"start":{"line":40,"column":2},"end":{"line":45,"column":3}},"type":"if","locations":[{"start":{"line":40,"column":2},"end":{"line":45,"column":3}},{"start":{},"end":{}}],"line":40},"2":{"loc":{"start":{"line":40,"column":6},"end":{"line":40,"column":21}},"type":"binary-expr","locations":[{"start":{"line":40,"column":6},"end":{"line":40,"column":11}},{"start":{"line":40,"column":15},"end":{"line":40,"column":21}}],"line":40},"3":{"loc":{"start":{"line":49,"column":19},"end":{"line":49,"column":39}},"type":"binary-expr","locations":[{"start":{"line":49,"column":19},"end":{"line":49,"column":33}},{"start":{"line":49,"column":37},"end":{"line":49,"column":39}}],"line":49},"4":{"loc":{"start":{"line":51,"column":69},"end":{"line":51,"column":83}},"type":"binary-expr","locations":[{"start":{"line":51,"column":69},"end":{"line":51,"column":73}},{"start":{"line":51,"column":77},"end":{"line":51,"column":83}}],"line":51},"5":{"loc":{"start":{"line":59,"column":2},"end":{"line":63,"column":3}},"type":"if","locations":[{"start":{"line":59,"column":2},"end":{"line":63,"column":3}},{"start":{},"end":{}}],"line":59},"6":{"loc":{"start":{"line":62,"column":26},"end":{"line":62,"column":46}},"type":"binary-expr","locations":[{"start":{"line":62,"column":26},"end":{"line":62,"column":40}},{"start":{"line":62,"column":44},"end":{"line":62,"column":46}}],"line":62},"7":{"loc":{"start":{"line":66,"column":2},"end":{"line":71,"column":3}},"type":"if","locations":[{"start":{"line":66,"column":2},"end":{"line":71,"column":3}},{"start":{},"end":{}}],"line":66},"8":{"loc":{"start":{"line":77,"column":2},"end":{"line":82,"column":3}},"type":"if","locations":[{"start":{"line":77,"column":2},"end":{"line":82,"column":3}},{"start":{},"end":{}}],"line":77}},"s":{"0":1,"1":1,"2":9,"3":1,"4":2,"5":2,"6":1,"7":2,"8":2,"9":1,"10":1,"11":1,"12":1,"13":1,"14":1,"15":3,"16":3,"17":1,"18":1,"19":1,"20":1,"21":2,"22":2,"23":2,"24":2,"25":1,"26":0,"27":0,"28":0,"29":0,"30":0,"31":0,"32":0,"33":0,"34":0,"35":0,"36":0,"37":0,"38":0,"39":1,"40":0,"41":0,"42":0,"43":0,"44":0,"45":0,"46":0,"47":1},"f":{"0":9,"1":2,"2":2,"3":3,"4":0,"5":0},"b":{"0":[1,1],"1":[1,2],"2":[3,2],"3":[2,0],"4":[2,2],"5":[0,0],"6":[0,0],"7":[0,0],"8":[0,0]},"_coverageSchema":"1a1c01bbd47fc00a2c39e90264f33305004495a9","hash":"235fe67c5cc4e73c6b395bec4052cbe693e5284e"}
,"C:\\Users\\HP G9\\Documents\\api-versioning\\src\\v2\\routes.js": {"path":"C:\\Users\\HP G9\\Documents\\api-versioning\\src\\v2\\routes.js","statementMap":{"0":{"start":{"line":1,"column":16},"end":{"line":1,"column":34}},"1":{"start":{"line":2,"column":15},"end":{"line":2,"column":31}},"2":{"start":{"line":3,"column":24},"end":{"line":3,"column":54}},"3":{"start":{"line":6,"column":0},"end":{"line":6,"column":45}},"4":{"start":{"line":7,"column":0},"end":{"line":7,"column":50}},"5":{"start":{"line":8,"column":0},"end":{"line":8,"column":46}},"6":{"start":{"line":9,"column":0},"end":{"line":9,"column":51}},"7":{"start":{"line":10,"column":0},"end":{"line":10,"column":52}},"8":{"start":{"line":12,"column":0},"end":{"line":12,"column":24}}},"fnMap":{},"branchMap":{},"s":{"0":1,"1":1,"2":1,"3":1,"4":1,"5":1,"6":1,"7":1,"8":1},"f":{},"b":{},"_coverageSchema":"1a1c01bbd47fc00a2c39e90264f33305004495a9","hash":"c0d18b103cdfa1aff59de46542a411972a59c943"}
,"C:\\Users\\HP G9\\Documents\\api-versioning\\src\\v2\\controllers\\users.js": {"path":"C:\\Users\\HP G9\\Documents\\api-versioning\\src\\v2\\controllers\\users.js","statementMap":{"0":{"start":{"line":12,"column":14},"end":{"line":12,"column":42}},"1":{"start":{"line":15,"column":19},"end":{"line":24,"column":2}},"2":{"start":{"line":15,"column":30},"end":{"line":24,"column":1}},"3":{"start":{"line":26,"column":15},"end":{"line":54,"column":1}},"4":{"start":{"line":27,"column":16},"end":{"line":27,"column":59}},"5":{"start":{"line":28,"column":16},"end":{"line":28,"column":62}},"6":{"start":{"line":29,"column":16},"end":{"line":29,"column":30}},"7":{"start":{"line":31,"column":14},"end":{"line":31,"column":28}},"8":{"start":{"line":34,"column":2},"end":{"line":36,"column":3}},"9":{"start":{"line":35,"column":4},"end":{"line":35,"column":47}},"10":{"start":{"line":35,"column":30},"end":{"line":35,"column":45}},"11":{"start":{"line":38,"column":16},"end":{"line":38,"column":28}},"12":{"start":{"line":39,"column":16},"end":{"line":39,"column":40}},"13":{"start":{"line":40,"column":16},"end":{"line":40,"column":34}},"14":{"start":{"line":41,"column":16},"end":{"line":41,"column":65}},"15":{"start":{"line":43,"column":2},"end":{"line":53,"column":5}},"16":{"start":{"line":56,"column":16},"end":{"line":65,"column":1}},"17":{"start":{"line":57,"column":15},"end":{"line":57,"column":43}},"18":{"start":{"line":58,"column":2},"end":{"line":63,"column":3}},"19":{"start":{"line":59,"column":16},"end":{"line":59,"column":43}},"20":{"start":{"line":60,"column":4},"end":{"line":60,"column":21}},"21":{"start":{"line":61,"column":4},"end":{"line":61,"column":32}},"22":{"start":{"line":62,"column":4},"end":{"line":62,"column":21}},"23":{"start":{"line":64,"column":2},"end":{"line":64,"column":39}},"24":{"start":{"line":67,"column":15},"end":{"line":87,"column":1}},"25":{"start":{"line":68,"column":52},"end":{"line":68,"column":60}},"26":{"start":{"line":70,"column":2},"end":{"line":75,"column":3}},"27":{"start":{"line":71,"column":16},"end":{"line":71,"column":71}},"28":{"start":{"line":72,"column":4},"end":{"line":72,"column":21}},"29":{"start":{"line":73,"column":4},"end":{"line":73,"column":34}},"30":{"start":{"line":74,"column":4},"end":{"line":74,"column":21}},"31":{"start":{"line":78,"column":2},"end":{"line":83,"column":3}},"32":{"start":{"line":79,"column":16},"end":{"line":79,"column":49}},"33":{"start":{"line":80,"column":4},"end":{"line":80,"column":21}},"34":{"start":{"line":81,"column":4},"end":{"line":81,"column":34}},"35":{"start":{"line":82,"column":4},"end":{"line":82,"column":21}},"36":{"start":{"line":85,"column":15},"end":{"line":85,"column":86}},"37":{"start":{"line":86,"column":2},"end":{"line":86,"column":51}},"38":{"start":{"line":89,"column":15},"end":{"line":108,"column":1}},"39":{"start":{"line":91,"column":52},"end":{"line":91,"column":60}},"40":{"start":{"line":92,"column":21},"end":{"line":92,"column":23}},"41":{"start":{"line":94,"column":2},"end":{"line":94,"column":64}},"42":{"start":{"line":94,"column":31},"end":{"line":94,"column":64}},"43":{"start":{"line":95,"column":2},"end":{"line":95,"column":63}},"44":{"start":{"line":95,"column":31},"end":{"line":95,"column":63}},"45":{"start":{"line":96,"column":2},"end":{"line":96,"column":60}},"46":{"start":{"line":96,"column":31},"end":{"line":96,"column":60}},"47":{"start":{"line":97,"column":2},"end":{"line":97,"column":58}},"48":{"start":{"line":97,"column":31},"end":{"line":97,"column":58}},"49":{"start":{"line":98,"column":2},"end":{"line":98,"column":59}},"50":{"start":{"line":98,"column":31},"end":{"line":98,"column":59}},"51":{"start":{"line":100,"column":15},"end":{"line":100,"column":54}},"52":{"start":{"line":101,"column":2},"end":{"line":106,"column":3}},"53":{"start":{"line":102,"column":16},"end":{"line":102,"column":43}},"54":{"start":{"line":103,"column":4},"end":{"line":103,"column":21}},"55":{"start":{"line":104,"column":4},"end":{"line":104,"column":32}},"56":{"start":{"line":105,"column":4},"end":{"line":105,"column":21}},"57":{"start":{"line":107,"column":2},"end":{"line":107,"column":39}},"58":{"start":{"line":110,"column":15},"end":{"line":119,"column":1}},"59":{"start":{"line":111,"column":18},"end":{"line":111,"column":45}},"60":{"start":{"line":112,"column":2},"end":{"line":117,"column":3}},"61":{"start":{"line":113,"column":16},"end":{"line":113,"column":43}},"62":{"start":{"line":114,"column":4},"end":{"line":114,"column":21}},"63":{"start":{"line":115,"column":4},"end":{"line":115,"column":32}},"64":{"start":{"line":116,"column":4},"end":{"line":116,"column":21}},"65":{"start":{"line":118,"column":2},"end":{"line":118,"column":25}},"66":{"start":{"line":121,"column":0},"end":{"line":121,"column":61}}},"fnMap":{"0":{"name":"(anonymous_0)","decl":{"start":{"line":15,"column":19},"end":{"line":15,"column":20}},"loc":{"start":{"line":15,"column":30},"end":{"line":24,"column":1}},"line":15},"1":{"name":"(anonymous_1)","decl":{"start":{"line":26,"column":15},"end":{"line":26,"column":16}},"loc":{"start":{"line":26,"column":29},"end":{"line":54,"column":1}},"line":26},"2":{"name":"(anonymous_2)","decl":{"start":{"line":35,"column":25},"end":{"line":35,"column":26}},"loc":{"start":{"line":35,"column":30},"end":{"line":35,"column":45}},"line":35},"3":{"name":"(anonymous_3)","decl":{"start":{"line":56,"column":16},"end":{"line":56,"column":17}},"loc":{"start":{"line":56,"column":36},"end":{"line":65,"column":1}},"line":56},"4":{"name":"(anonymous_4)","decl":{"start":{"line":67,"column":15},"end":{"line":67,"column":16}},"loc":{"start":{"line":67,"column":35},"end":{"line":87,"column":1}},"line":67},"5":{"name":"(anonymous_5)","decl":{"start":{"line":89,"column":15},"end":{"line":89,"column":16}},"loc":{"start":{"line":89,"column":35},"end":{"line":108,"column":1}},"line":89},"6":{"name":"(anonymous_6)","decl":{"start":{"line":110,"column":15},"end":{"line":110,"column":16}},"loc":{"start":{"line":110,"column":35},"end":{"line":119,"column":1}},"line":110}},"branchMap":{"0":{"loc":{"start":{"line":27,"column":28},"end":{"line":27,"column":58}},"type":"binary-expr","locations":[{"start":{"line":27,"column":28},"end":{"line":27,"column":52}},{"start":{"line":27,"column":57},"end":{"line":27,"column":58}}],"line":27},"1":{"loc":{"start":{"line":28,"column":30},"end":{"line":28,"column":61}},"type":"binary-expr","locations":[{"start":{"line":28,"column":30},"end":{"line":28,"column":55}},{"start":{"line":28,"column":59},"end":{"line":28,"column":61}}],"line":28},"2":{"loc":{"start":{"line":34,"column":2},"end":{"line":36,"column":3}},"type":"if","locations":[{"start":{"line":34,"column":2},"end":{"line":36,"column":3}},{"start":{},"end":{}}],"line":34},"3":{"loc":{"start":{"line":50,"column":10},"end":{"line":50,"column":83}},"type":"binary-expr","locations":[{"start":{"line":50,"column":10},"end":{"line":50,"column":22}},{"start":{"line":50,"column":26},"end":{"line":50,"column":83}}],"line":50},"4":{"loc":{"start":{"line":51,"column":10},"end":{"line":51,"column":84}},"type":"binary-expr","locations":[{"start":{"line":51,"column":10},"end":{"line":51,"column":18}},{"start":{"line":51,"column":27},"end":{"line":51,"column":84}}],"line":51},"5":{"loc":{"start":{"line":58,"column":2},"end":{"line":63,"column":3}},"type":"if","locations":[{"start":{"line":58,"column":2},"end":{"line":63,"column":3}},{"start":{},"end":{}}],"line":58},"6":{"loc":{"start":{"line":70,"column":2},"end":{"line":75,"column":3}},"type":"if","locations":[{"start":{"line":70,"column":2},"end":{"line":75,"column":3}},{"start":{},"end":{}}],"line":70},"7":{"loc":{"start":{"line":70,"column":6},"end":{"line":70,"column":39}},"type":"binary-expr","locations":[{"start":{"line":70,"column":6},"end":{"line":70,"column":16}},{"start":{"line":70,"column":20},"end":{"line":70,"column":29}},{"start":{"line":70,"column":33},"end":{"line":70,"column":39}}],"line":70},"8":{"loc":{"start":{"line":78,"column":2},"end":{"line":83,"column":3}},"type":"if","locations":[{"start":{"line":78,"column":2},"end":{"line":83,"column":3}},{"start":{},"end":{}}],"line":78},"9":{"loc":{"start":{"line":85,"column":69},"end":{"line":85,"column":83}},"type":"binary-expr","locations":[{"start":{"line":85,"column":69},"end":{"line":85,"column":73}},{"start":{"line":85,"column":77},"end":{"line":85,"column":83}}],"line":85},"10":{"loc":{"start":{"line":94,"column":2},"end":{"line":94,"column":64}},"type":"if","locations":[{"start":{"line":94,"column":2},"end":{"line":94,"column":64}},{"start":{},"end":{}}],"line":94},"11":{"loc":{"start":{"line":95,"column":2},"end":{"line":95,"column":63}},"type":"if","locations":[{"start":{"line":95,"column":2},"end":{"line":95,"column":63}},{"start":{},"end":{}}],"line":95},"12":{"loc":{"start":{"line":96,"column":2},"end":{"line":96,"column":60}},"type":"if","locations":[{"start":{"line":96,"column":2},"end":{"line":96,"column":60}},{"start":{},"end":{}}],"line":96},"13":{"loc":{"start":{"line":97,"column":2},"end":{"line":97,"column":58}},"type":"if","locations":[{"start":{"line":97,"column":2},"end":{"line":97,"column":58}},{"start":{},"end":{}}],"line":97},"14":{"loc":{"start":{"line":98,"column":2},"end":{"line":98,"column":59}},"type":"if","locations":[{"start":{"line":98,"column":2},"end":{"line":98,"column":59}},{"start":{},"end":{}}],"line":98},"15":{"loc":{"start":{"line":101,"column":2},"end":{"line":106,"column":3}},"type":"if","locations":[{"start":{"line":101,"column":2},"end":{"line":106,"column":3}},{"start":{},"end":{}}],"line":101},"16":{"loc":{"start":{"line":112,"column":2},"end":{"line":117,"column":3}},"type":"if","locations":[{"start":{"line":112,"column":2},"end":{"line":117,"column":3}},{"start":{},"end":{}}],"line":112}},"s":{"0":1,"1":1,"2":17,"3":1,"4":4,"5":4,"6":4,"7":4,"8":4,"9":1,"10":4,"11":4,"12":4,"13":4,"14":4,"15":4,"16":1,"17":4,"18":4,"19":1,"20":1,"21":1,"22":1,"23":3,"24":1,"25":3,"26":3,"27":0,"28":0,"29":0,"30":0,"31":3,"32":1,"33":1,"34":1,"35":1,"36":2,"37":2,"38":1,"39":1,"40":1,"41":1,"42":0,"43":1,"44":0,"45":1,"46":0,"47":1,"48":1,"49":1,"50":0,"51":1,"52":1,"53":0,"54":0,"55":0,"56":0,"57":1,"58":1,"59":1,"60":1,"61":0,"62":0,"63":0,"64":0,"65":1,"66":1},"f":{"0":17,"1":4,"2":4,"3":4,"4":3,"5":1,"6":1},"b":{"0":[4,3],"1":[4,3],"2":[1,3],"3":[4,1],"4":[4,0],"5":[1,3],"6":[0,3],"7":[3,3,3],"8":[1,2],"9":[2,2],"10":[0,1],"11":[0,1],"12":[0,1],"13":[1,0],"14":[0,1],"15":[0,1],"16":[0,1]},"_coverageSchema":"1a1c01bbd47fc00a2c39e90264f33305004495a9","hash":"b05d07f8d900c1018b4685ed75a4c60f81d2b2f2"}
}
