TN:
SF:src\app.js
FN:29,(anonymous_0)
FN:42,(anonymous_1)
FNF:2
FNH:2
FNDA:1,(anonymous_0)
FNDA:1,(anonymous_1)
DA:1,1
DA:2,1
DA:3,1
DA:4,1
DA:6,1
DA:7,1
DA:8,1
DA:10,1
DA:11,1
DA:13,1
DA:16,1
DA:17,1
DA:18,1
DA:19,1
DA:22,1
DA:25,1
DA:26,1
DA:29,1
DA:30,1
DA:42,1
DA:43,1
DA:55,1
DA:57,1
LF:23
LH:23
BRF:0
BRH:0
end_of_record
TN:
SF:src\server.js
FN:5,(anonymous_0)
FNF:1
FNH:0
FNDA:0,(anonymous_0)
DA:1,0
DA:3,0
DA:5,0
DA:6,0
DA:7,0
DA:8,0
DA:9,0
DA:10,0
LF:8
LH:0
BRDA:3,0,0,0
BRDA:3,0,1,0
BRF:2
BRH:0
end_of_record
TN:
SF:src\middleware\deprecation.js
FN:5,(anonymous_0)
FN:6,(anonymous_1)
FNF:2
FNH:2
FNDA:1,(anonymous_0)
FNDA:7,(anonymous_1)
DA:5,1
DA:6,1
DA:7,7
DA:10,7
DA:13,7
DA:16,7
DA:22,7
DA:27,7
DA:31,1
LF:9
LH:9
BRF:0
BRH:0
end_of_record
TN:
SF:src\middleware\errorHandler.js
FN:5,(anonymous_0)
FNF:1
FNH:1
FNDA:4,(anonymous_0)
DA:5,1
DA:6,4
DA:9,4
DA:19,4
DA:20,2
DA:23,4
DA:26,1
LF:7
LH:7
BRDA:6,0,0,4
BRDA:6,0,1,0
BRDA:6,0,2,0
BRDA:11,1,0,4
BRDA:11,1,1,0
BRDA:12,2,0,4
BRDA:12,2,1,0
BRDA:14,3,0,4
BRDA:14,3,1,0
BRDA:19,4,0,2
BRDA:19,4,1,2
BRF:11
BRH:6
end_of_record
TN:
SF:src\middleware\version.js
FN:6,(anonymous_0)
FNF:1
FNH:1
FNDA:22,(anonymous_0)
DA:6,1
DA:7,22
DA:8,22
DA:9,20
DA:11,22
DA:14,1
LF:6
LH:6
BRDA:8,0,0,20
BRDA:8,0,1,2
BRF:2
BRH:2
end_of_record
TN:
SF:src\utils\store.js
FN:41,(anonymous_0)
FN:42,(anonymous_1)
FN:42,(anonymous_2)
FN:43,(anonymous_3)
FN:48,(anonymous_4)
FN:49,(anonymous_5)
FN:54,(anonymous_6)
FN:55,(anonymous_7)
FNF:8
FNH:8
FNDA:6,(anonymous_0)
FNDA:6,(anonymous_1)
FNDA:18,(anonymous_2)
FNDA:4,(anonymous_3)
FNDA:1,(anonymous_4)
FNDA:2,(anonymous_5)
FNDA:1,(anonymous_6)
FNDA:6,(anonymous_7)
DA:5,1
DA:38,1
DA:40,1
DA:41,6
DA:42,18
DA:44,4
DA:45,4
DA:46,4
DA:49,2
DA:50,1
DA:51,1
DA:52,1
DA:55,6
DA:56,1
DA:57,1
DA:58,1
LF:16
LH:16
BRDA:50,0,0,0
BRDA:50,0,1,1
BRDA:56,1,0,0
BRDA:56,1,1,1
BRF:4
BRH:2
end_of_record
TN:
SF:src\v1\routes.js
FNF:0
FNH:0
DA:1,1
DA:2,1
DA:3,1
DA:6,1
DA:7,1
DA:8,1
DA:9,1
DA:10,1
DA:12,1
LF:9
LH:9
BRF:0
BRH:0
end_of_record
TN:
SF:src\v1\controllers\users.js
FN:13,(anonymous_0)
FN:21,(anonymous_1)
FN:26,(anonymous_2)
FN:37,(anonymous_3)
FN:55,(anonymous_4)
FN:75,(anonymous_5)
FNF:6
FNH:4
FNDA:9,(anonymous_0)
FNDA:2,(anonymous_1)
FNDA:2,(anonymous_2)
FNDA:3,(anonymous_3)
FNDA:0,(anonymous_4)
FNDA:0,(anonymous_5)
DA:10,1
DA:13,9
DA:21,1
DA:22,2
DA:23,2
DA:26,1
DA:27,2
DA:28,2
DA:29,1
DA:30,1
DA:31,1
DA:32,1
DA:34,1
DA:37,1
DA:38,3
DA:40,3
DA:41,1
DA:42,1
DA:43,1
DA:44,1
DA:48,2
DA:49,2
DA:51,2
DA:52,2
DA:55,1
DA:56,0
DA:58,0
DA:59,0
DA:60,0
DA:61,0
DA:62,0
DA:65,0
DA:66,0
DA:67,0
DA:68,0
DA:69,0
DA:70,0
DA:72,0
DA:75,1
DA:76,0
DA:77,0
DA:78,0
DA:79,0
DA:80,0
DA:81,0
DA:83,0
DA:86,1
LF:47
LH:27
BRDA:28,0,0,1
BRDA:28,0,1,1
BRDA:40,1,0,1
BRDA:40,1,1,2
BRDA:40,2,0,3
BRDA:40,2,1,2
BRDA:49,3,0,2
BRDA:49,3,1,0
BRDA:51,4,0,2
BRDA:51,4,1,2
BRDA:59,5,0,0
BRDA:59,5,1,0
BRDA:62,6,0,0
BRDA:62,6,1,0
BRDA:66,7,0,0
BRDA:66,7,1,0
BRDA:77,8,0,0
BRDA:77,8,1,0
BRF:18
BRH:9
end_of_record
TN:
SF:src\v2\routes.js
FNF:0
FNH:0
DA:1,1
DA:2,1
DA:3,1
DA:6,1
DA:7,1
DA:8,1
DA:9,1
DA:10,1
DA:12,1
LF:9
LH:9
BRF:0
BRH:0
end_of_record
TN:
SF:src\v2\controllers\users.js
FN:15,(anonymous_0)
FN:26,(anonymous_1)
FN:35,(anonymous_2)
FN:56,(anonymous_3)
FN:67,(anonymous_4)
FN:89,(anonymous_5)
FN:110,(anonymous_6)
FNF:7
FNH:7
FNDA:17,(anonymous_0)
FNDA:4,(anonymous_1)
FNDA:4,(anonymous_2)
FNDA:4,(anonymous_3)
FNDA:3,(anonymous_4)
FNDA:1,(anonymous_5)
FNDA:1,(anonymous_6)
DA:12,1
DA:15,17
DA:26,1
DA:27,4
DA:28,4
DA:29,4
DA:31,4
DA:34,4
DA:35,4
DA:38,4
DA:39,4
DA:40,4
DA:41,4
DA:43,4
DA:56,1
DA:57,4
DA:58,4
DA:59,1
DA:60,1
DA:61,1
DA:62,1
DA:64,3
DA:67,1
DA:68,3
DA:70,3
DA:71,0
DA:72,0
DA:73,0
DA:74,0
DA:78,3
DA:79,1
DA:80,1
DA:81,1
DA:82,1
DA:85,2
DA:86,2
DA:89,1
DA:91,1
DA:92,1
DA:94,1
DA:95,1
DA:96,1
DA:97,1
DA:98,1
DA:100,1
DA:101,1
DA:102,0
DA:103,0
DA:104,0
DA:105,0
DA:107,1
DA:110,1
DA:111,1
DA:112,1
DA:113,0
DA:114,0
DA:115,0
DA:116,0
DA:118,1
DA:121,1
LF:60
LH:48
BRDA:27,0,0,4
BRDA:27,0,1,3
BRDA:28,1,0,4
BRDA:28,1,1,3
BRDA:34,2,0,1
BRDA:34,2,1,3
BRDA:50,3,0,4
BRDA:50,3,1,1
BRDA:51,4,0,4
BRDA:51,4,1,0
BRDA:58,5,0,1
BRDA:58,5,1,3
BRDA:70,6,0,0
BRDA:70,6,1,3
BRDA:70,7,0,3
BRDA:70,7,1,3
BRDA:70,7,2,3
BRDA:78,8,0,1
BRDA:78,8,1,2
BRDA:85,9,0,2
BRDA:85,9,1,2
BRDA:94,10,0,0
BRDA:94,10,1,1
BRDA:95,11,0,0
BRDA:95,11,1,1
BRDA:96,12,0,0
BRDA:96,12,1,1
BRDA:97,13,0,1
BRDA:97,13,1,0
BRDA:98,14,0,0
BRDA:98,14,1,1
BRDA:101,15,0,0
BRDA:101,15,1,1
BRDA:112,16,0,0
BRDA:112,16,1,1
BRF:35
BRH:26
end_of_record
